<?xml version="1.0" encoding="UTF-8"?>
<testng-results ignored="0" total="1" passed="1" failed="0" skipped="0">
  <reporter-output>
  </reporter-output>
  <suite started-at="2023-09-07T18:22:27 IST" name="Default suite" finished-at="2023-09-07T18:22:37 IST" duration-ms="9869">
    <groups>
    </groups>
    <test started-at="2023-09-07T18:22:27 IST" name="Default test" finished-at="2023-09-07T18:22:37 IST" duration-ms="9869">
      <class name="Scripts.TestCase1">
        <test-method is-config="true" signature="openApp()[pri:0, instance:Scripts.TestCase1@4ec4f3a0]" started-at="2023-09-07T18:22:27 IST" name="openApp" finished-at="2023-09-07T18:22:32 IST" duration-ms="4527" status="PASS">
          <reporter-output>
          </reporter-output>
        </test-method> <!-- openApp -->
        <test-method signature="TC1()[pri:0, instance:Scripts.TestCase1@4ec4f3a0]" started-at="2023-09-07T18:22:32 IST" name="TC1" finished-at="2023-09-07T18:22:37 IST" duration-ms="4914" status="PASS">
          <reporter-output>
          </reporter-output>
        </test-method> <!-- TC1 -->
        <test-method is-config="true" signature="closeApp(org.testng.ITestResult)[pri:0, instance:Scripts.TestCase1@4ec4f3a0]" started-at="2023-09-07T18:22:37 IST" name="closeApp" finished-at="2023-09-07T18:22:37 IST" duration-ms="368" status="PASS">
          <params>
            <param index="0">
              <value>
                <![CDATA[[TestResult name=TC1 status=SUCCESS method=TestCase1.TC1()[pri:0, instance:Scripts.TestCase1@4ec4f3a0] output={null}]]]>
              </value>
            </param>
          </params>
          <reporter-output>
          </reporter-output>
        </test-method> <!-- closeApp -->
      </class> <!-- Scripts.TestCase1 -->
    </test> <!-- Default test -->
  </suite> <!-- Default suite -->
</testng-results>
